# JRE version: OpenJDK Runtime Environment Temurin-21.0.3+9 (21.0.3+9) (build 21.0.3+9-LTS)
# Java VM: OpenJDK 64-Bit Server VM Temurin-21.0.3+9 (21.0.3+9-LTS, mixed mode, emulated-client, tiered, compressed oops, compressed class ptrs, g1 gc, windows-amd64)
GC Precious Log:
 CardTable entry size: 512
 Card Set container configuration: InlinePtr #cards 5 size 8 Array Of Cards #cards 12 size 40 Howl #buckets 4 coarsen threshold 1843 Howl Bitmap #cards 512 size 80 coarsen threshold 460 Card regions per heap region 1 cards per card region 2048
 CPUs: 8 total, 8 available
 Memory: 16118M
 Large Page Support: Disabled
 NUMA Support: Disabled
 Compressed Oops: Enabled (32-bit)
 Heap Region Size: 1M
 Heap Min Capacity: 8M
 Heap Initial Capacity: 252M
 Heap Max Capacity: 1G
 Pre-touch: Disabled
 Parallel Workers: 8
 Concurrent Workers: 2
 Concurrent Refinement Workers: 8
 Periodic GC: Disabled
Heap:
 garbage-first heap   total 155648K, used 54006K [0x00000000c0000000, 0x0000000100000000)
  region size 1024K, 1 young (1024K), 0 survivors (0K)
 Metaspace       used 67683K, committed 68608K, reserved 1114112K
  class space    used 7927K, committed 8320K, reserved 1048576K
GC Heap History (20 events):
Event: 11387.677 GC heap after
{Heap after GC invocations=351 (full 296):
 garbage-first heap   total 155648K, used 54006K [0x00000000c0000000, 0x0000000100000000)
  region size 1024K, 0 young (0K), 0 survivors (0K)
 Metaspace       used 67683K, committed 68608K, reserved 1114112K
  class space    used 7927K, committed 8320K, reserved 1048576K
}
Event: 11398.537 GC heap before
{Heap before GC invocations=351 (full 296):
 garbage-first heap   total 155648K, used 54006K [0x00000000c0000000, 0x0000000100000000)
  region size 1024K, 1 young (1024K), 0 survivors (0K)
 Metaspace       used 67683K, committed 68608K, reserved 1114112K
  class space    used 7927K, committed 8320K, reserved 1048576K
}
Event: 11398.576 GC heap after
{Heap after GC invocations=352 (full 297):
 garbage-first heap   total 155648K, used 54006K [0x00000000c0000000, 0x0000000100000000)
  region size 1024K, 0 young (0K), 0 survivors (0K)
 Metaspace       used 67683K, committed 68608K, reserved 1114112K
  class space    used 7927K, committed 8320K, reserved 1048576K
}
Event: 11409.268 GC heap before
{Heap before GC invocations=352 (full 297):
 garbage-first heap   total 155648K, used 54006K [0x00000000c0000000, 0x0000000100000000)
  region size 1024K, 1 young (1024K), 0 survivors (0K)
 Metaspace       used 67683K, committed 68608K, reserved 1114112K
  class space    used 7927K, committed 8320K, reserved 1048576K
}
Event: 11409.318 GC heap after
{Heap after GC invocations=353 (full 298):
 garbage-first heap   total 155648K, used 54006K [0x00000000c0000000, 0x0000000100000000)
  region size 1024K, 0 young (0K), 0 survivors (0K)
 Metaspace       used 67683K, committed 68608K, reserved 1114112K
  class space    used 7927K, committed 8320K, reserved 1048576K
}
Event: 11419.937 GC heap before
{Heap before GC invocations=353 (full 298):
 garbage-first heap   total 155648K, used 54006K [0x00000000c0000000, 0x0000000100000000)
  region size 1024K, 1 young (1024K), 0 survivors (0K)
 Metaspace       used 67683K, committed 68608K, reserved 1114112K
  class space    used 7927K, committed 8320K, reserved 1048576K
}
Event: 11419.978 GC heap after
{Heap after GC invocations=354 (full 299):
 garbage-first heap   total 155648K, used 54006K [0x00000000c0000000, 0x0000000100000000)
  region size 1024K, 0 young (0K), 0 survivors (0K)
 Metaspace       used 67683K, committed 68608K, reserved 1114112K
  class space    used 7927K, committed 8320K, reserved 1048576K
}
Event: 11430.545 GC heap before
{Heap before GC invocations=354 (full 299):
 garbage-first heap   total 155648K, used 54006K [0x00000000c0000000, 0x0000000100000000)
  region size 1024K, 1 young (1024K), 0 survivors (0K)
 Metaspace       used 67683K, committed 68608K, reserved 1114112K
  class space    used 7927K, committed 8320K, reserved 1048576K
}
Event: 11430.597 GC heap after
{Heap after GC invocations=355 (full 300):
 garbage-first heap   total 155648K, used 54006K [0x00000000c0000000, 0x0000000100000000)
  region size 1024K, 0 young (0K), 0 survivors (0K)
 Metaspace       used 67683K, committed 68608K, reserved 1114112K
  class space    used 7927K, committed 8320K, reserved 1048576K
}
Event: 11441.433 GC heap before
{Heap before GC invocations=355 (full 300):
 garbage-first heap   total 155648K, used 54006K [0x00000000c0000000, 0x0000000100000000)
  region size 1024K, 1 young (1024K), 0 survivors (0K)
 Metaspace       used 67683K, committed 68608K, reserved 1114112K
  class space    used 7927K, committed 8320K, reserved 1048576K
}
Event: 11441.470 GC heap after
{Heap after GC invocations=356 (full 301):
 garbage-first heap   total 155648K, used 54006K [0x00000000c0000000, 0x0000000100000000)
  region size 1024K, 0 young (0K), 0 survivors (0K)
 Metaspace       used 67683K, committed 68608K, reserved 1114112K
  class space    used 7927K, committed 8320K, reserved 1048576K
}
Event: 11452.020 GC heap before
{Heap before GC invocations=356 (full 301):
 garbage-first heap   total 155648K, used 54006K [0x00000000c0000000, 0x0000000100000000)
  region size 1024K, 1 young (1024K), 0 survivors (0K)
 Metaspace       used 67683K, committed 68608K, reserved 1114112K
  class space    used 7927K, committed 8320K, reserved 1048576K
}
Event: 11452.056 GC heap after
{Heap after GC invocations=357 (full 302):
 garbage-first heap   total 155648K, used 54006K [0x00000000c0000000, 0x0000000100000000)
  region size 1024K, 0 young (0K), 0 survivors (0K)
 Metaspace       used 67683K, committed 68608K, reserved 1114112K
  class space    used 7927K, committed 8320K, reserved 1048576K
}
Event: 11463.043 GC heap before
{Heap before GC invocations=357 (full 302):
 garbage-first heap   total 155648K, used 54006K [0x00000000c0000000, 0x0000000100000000)
  region size 1024K, 1 young (1024K), 0 survivors (0K)
 Metaspace       used 67683K, committed 68608K, reserved 1114112K
  class space    used 7927K, committed 8320K, reserved 1048576K
}
Event: 11463.081 GC heap after
{Heap after GC invocations=358 (full 303):
 garbage-first heap   total 155648K, used 54006K [0x00000000c0000000, 0x0000000100000000)
  region size 1024K, 0 young (0K), 0 survivors (0K)
 Metaspace       used 67683K, committed 68608K, reserved 1114112K
  class space    used 7927K, committed 8320K, reserved 1048576K
}
Event: 11473.682 GC heap before
{Heap before GC invocations=358 (full 303):
 garbage-first heap   total 155648K, used 54006K [0x00000000c0000000, 0x0000000100000000)
  region size 1024K, 1 young (1024K), 0 survivors (0K)
 Metaspace       used 67683K, committed 68608K, reserved 1114112K
  class space    used 7927K, committed 8320K, reserved 1048576K
}
Event: 11473.732 GC heap after
{Heap after GC invocations=359 (full 304):
 garbage-first heap   total 155648K, used 54006K [0x00000000c0000000, 0x0000000100000000)
  region size 1024K, 0 young (0K), 0 survivors (0K)
 Metaspace       used 67683K, committed 68608K, reserved 1114112K
  class space    used 7927K, committed 8320K, reserved 1048576K
}
Event: 11484.428 GC heap before
{Heap before GC invocations=359 (full 304):
 garbage-first heap   total 155648K, used 54006K [0x00000000c0000000, 0x0000000100000000)
  region size 1024K, 1 young (1024K), 0 survivors (0K)
 Metaspace       used 67683K, committed 68608K, reserved 1114112K
  class space    used 7927K, committed 8320K, reserved 1048576K
}
Event: 11484.485 GC heap after
{Heap after GC invocations=360 (full 305):
 garbage-first heap   total 155648K, used 54006K [0x00000000c0000000, 0x0000000100000000)
  region size 1024K, 0 young (0K), 0 survivors (0K)
 Metaspace       used 67683K, committed 68608K, reserved 1114112K
  class space    used 7927K, committed 8320K, reserved 1048576K
}
Event: 11525.076 GC heap before
{Heap before GC invocations=360 (full 305):
 garbage-first heap   total 155648K, used 54006K [0x00000000c0000000, 0x0000000100000000)
  region size 1024K, 1 young (1024K), 0 survivors (0K)
 Metaspace       used 67683K, committed 68608K, reserved 1114112K
  class space    used 7927K, committed 8320K, reserved 1048576K
}

